Command line:
   regfile32_TB_isim_beh.exe
     -simmode  gui
     -simrunnum  0
     -socket  57529

Tue Feb 26 01:25:52 2019


 Elaboration Time: 0.0625 sec

 Current Memory Usage: 5173.53 Meg

 Total Signals          : 24
 Total Nets             : 127
 Total Signal Drivers   : 14
 Total Blocks           : 5
 Total Primitive Blocks : 4
 Total Processes        : 18
 Total Traceable Variables  : 28
 Total Scalar Nets and Variables : 2337
Total Line Count : 65

 Total Simulation Time: 0.078125 sec

 Current Memory Usage: 5173.53 Meg

Tue Feb 26 01:25:58 2019

