Command line:
   Integer_Datapath_tb_isim_beh.exe
     -simmode  gui
     -simrunnum  0
     -socket  50997

Wed Feb 27 00:05:25 2019


 Elaboration Time: 0.046875 sec

 Current Memory Usage: 5173.56 Meg

 Total Signals          : 80
 Total Nets             : 569
 Total Signal Drivers   : 47
 Total Blocks           : 11
 Total Primitive Blocks : 8
 Total Processes        : 56
 Total Traceable Variables  : 67
 Total Scalar Nets and Variables : 3413
Total Line Count : 261

 Total Simulation Time: 0.125 sec

 Current Memory Usage: 5173.56 Meg

Wed Feb 27 00:05:30 2019

