Running: C:\Xilinx\14.7\ISE_DS\ISE\bin\nt64\unwrapped\fuse.exe -intstyle ise -incremental -lib unisims_ver -lib unimacro_ver -lib xilinxcorelib_ver -lib secureip -o C:/Users/Rosswell/Documents/_440/ISA_440/Integer_Datapath/Integer_Datapath_tb_isim_beh.exe -prj C:/Users/Rosswell/Documents/_440/ISA_440/Integer_Datapath/Integer_Datapath_tb_beh.prj work.Integer_Datapath_tb work.glbl 
ISim P.20131013 (signature 0x7708f090)
Number of CPUs detected in this system: 4
Turning on mult-threading, number of parallel sub-compilation jobs: 8 
Determining compilation order of HDL files
Analyzing Verilog file "C:/Users/Rosswell/Documents/_440/ISA_440/Integer_Datapath/MPY_32.v" into library work
Analyzing Verilog file "C:/Users/Rosswell/Documents/_440/ISA_440/Integer_Datapath/MIPS_32.v" into library work
WARNING:HDLCompiler:327 - "C:/Users/Rosswell/Documents/_440/ISA_440/Integer_Datapath/MIPS_32.v" Line 39: Concatenation with unsized literal; will interpret as 32 bits
WARNING:HDLCompiler:327 - "C:/Users/Rosswell/Documents/_440/ISA_440/Integer_Datapath/MIPS_32.v" Line 40: Concatenation with unsized literal; will interpret as 32 bits
Analyzing Verilog file "C:/Users/Rosswell/Documents/_440/ISA_440/Integer_Datapath/DIV_32.v" into library work
Analyzing Verilog file "C:/Users/Rosswell/Documents/_440/ISA_440/Integer_Datapath/regfile32.v" into library work
Analyzing Verilog file "C:/Users/Rosswell/Documents/_440/ISA_440/Integer_Datapath/ALU_32.v" into library work
Analyzing Verilog file "C:/Users/Rosswell/Documents/_440/ISA_440/Integer_Datapath/Integer_Datapath.v" into library work
Analyzing Verilog file "C:/Users/Rosswell/Documents/_440/ISA_440/Integer_Datapath/Integer_Datapath_tb.v" into library work
Analyzing Verilog file "C:/Xilinx/14.7/ISE_DS/ISE//verilog/src/glbl.v" into library work
Starting static elaboration
WARNING:HDLCompiler:189 - "C:/Users/Rosswell/Documents/_440/ISA_440/Integer_Datapath/Integer_Datapath.v" Line 56: Size mismatch in connection of port <S>. Formal port size is 32-bit while actual signal size is 1-bit.
WARNING:HDLCompiler:327 - "C:/Users/Rosswell/Documents/_440/ISA_440/Integer_Datapath/MIPS_32.v" Line 39: Concatenation with unsized literal; will interpret as 32 bits
WARNING:HDLCompiler:327 - "C:/Users/Rosswell/Documents/_440/ISA_440/Integer_Datapath/MIPS_32.v" Line 40: Concatenation with unsized literal; will interpret as 32 bits
Completed static elaboration
Compiling module regfile32
Compiling module MIPS_32
Compiling module MPY_32
Compiling module DIV_32
Compiling module ALU_32
Compiling module Integer_Datapath
Compiling module Integer_Datapath_tb
Compiling module glbl
Time Resolution for simulation is 1ps.
Waiting for 1 sub-compilation(s) to finish...
Compiled 8 Verilog Units
Built simulation executable C:/Users/Rosswell/Documents/_440/ISA_440/Integer_Datapath/Integer_Datapath_tb_isim_beh.exe
Fuse Memory Usage: 28876 KB
Fuse CPU Usage: 593 ms
