Command line:
   Integer_Datapath_isim_beh.exe
     -simmode  gui
     -simrunnum  0
     -socket  49949

Tue Feb 26 08:33:25 2019


 Elaboration Time: 0.046875 sec

 Current Memory Usage: 5173.58 Meg

 Total Signals          : 75
 Total Nets             : 601
 Total Signal Drivers   : 34
 Total Blocks           : 7
 Total Primitive Blocks : 5
 Total Processes        : 41
 Total Traceable Variables  : 52
 Total Scalar Nets and Variables : 2265
Total Line Count : 120

 Total Simulation Time: 0.125 sec

 Current Memory Usage: 5173.58 Meg

Tue Feb 26 08:33:31 2019

